Copyright 1986-2022 Xilinx, Inc. All Rights Reserved.
-------------------------------------------------------------------------------------------
| Tool Version : Vivado v.2022.2 (win64) Build 3671981 Fri Oct 14 05:00:03 MDT 2022
| Date         : Thu Nov  9 13:56:08 2023
| Host         : LAPTOP-H1858A6E running 64-bit major release  (build 9200)
| Command      : report_clock_utilization -file Uart2DDR3_top_clock_utilization_routed.rpt
| Design       : Uart2DDR3_top
| Device       : 7a75t-fgg484
| Speed File   : -1  PRODUCTION 1.23 2018-06-13
| Design State : Routed
-------------------------------------------------------------------------------------------

Clock Utilization Report

Table of Contents
-----------------
1. Clock Primitive Utilization
2. Global Clock Resources
3. Global Clock Source Details
4. Local Clock Details
5. Clock Regions: Key Resource Utilization
6. Clock Regions : Global Clock Summary
7. Device Cell Placement Summary for Global Clock g0
8. Device Cell Placement Summary for Global Clock g1
9. Device Cell Placement Summary for Global Clock g2
10. Device Cell Placement Summary for Global Clock g3
11. Device Cell Placement Summary for Global Clock g4
12. Device Cell Placement Summary for Global Clock g5
13. Device Cell Placement Summary for Global Clock g6
14. Device Cell Placement Summary for Global Clock g7
15. Device Cell Placement Summary for Global Clock g8
16. Clock Region Cell Placement per Global Clock: Region X0Y0
17. Clock Region Cell Placement per Global Clock: Region X1Y1
18. Clock Region Cell Placement per Global Clock: Region X0Y2
19. Clock Region Cell Placement per Global Clock: Region X1Y2
20. Clock Region Cell Placement per Global Clock: Region X0Y3
21. Clock Region Cell Placement per Global Clock: Region X1Y3

1. Clock Primitive Utilization
------------------------------

+----------+------+-----------+-----+--------------+--------+
| Type     | Used | Available | LOC | Clock Region | Pblock |
+----------+------+-----------+-----+--------------+--------+
| BUFGCTRL |    8 |        32 |   0 |            0 |      0 |
| BUFH     |    1 |        96 |   0 |            0 |      0 |
| BUFIO    |    0 |        24 |   0 |            0 |      0 |
| BUFMR    |    0 |        12 |   0 |            0 |      0 |
| BUFR     |    0 |        24 |   0 |            0 |      0 |
| MMCM     |    3 |         6 |   1 |            0 |      0 |
| PLL      |    1 |         6 |   1 |            0 |      0 |
+----------+------+-----------+-----+--------------+--------+


2. Global Clock Resources
-------------------------

+-----------+-----------+-----------------+------------+----------------+--------------+-------------------+-------------+-----------------+--------------+-----------------------+-----------------------------------------------------------------------------+----------------------------------------------------------------------------+
| Global Id | Source Id | Driver Type/Pin | Constraint | Site           | Clock Region | Load Clock Region | Clock Loads | Non-Clock Loads | Clock Period | Clock                 | Driver Pin                                                                  | Net                                                                        |
+-----------+-----------+-----------------+------------+----------------+--------------+-------------------+-------------+-----------------+--------------+-----------------------+-----------------------------------------------------------------------------+----------------------------------------------------------------------------+
| g0        | src0      | BUFG/O          | None       | BUFGCTRL_X0Y0  | n/a          |                 4 |        5158 |               0 |       10.000 | clk_pll_i             | u_mig_7series_0/u_mig_7series_0_mig/u_ddr3_infrastructure/u_bufg_clkdiv0/O  | u_mig_7series_0/u_mig_7series_0_mig/u_ddr3_infrastructure/u_bufg_clkdiv0_0 |
| g1        | src1      | BUFG/O          | None       | BUFGCTRL_X0Y2  | n/a          |                 3 |         236 |               0 |       13.468 | clk_PIXEL_clk_wiz_1   | PLL_1/inst/clkout1_buf/O                                                    | PLL_1/inst/clk_PIXEL                                                       |
| g2        | src2      | BUFG/O          | None       | BUFGCTRL_X0Y30 | n/a          |                 1 |         223 |               0 |       20.000 | clk_50MHZ_clk_wiz_0   | PLL_0/inst/clkout1_buf/O                                                    | PLL_0/inst/clk_50MHZ                                                       |
| g3        | src3      | BUFG/O          | None       | BUFGCTRL_X0Y28 | n/a          |                 2 |          62 |               0 |        5.000 | clk_200MHZ            | PLL_0/inst/clk_200MHZ_BUFG_inst/O                                           | PLL_0/inst/clk_200MHZ_BUFG                                                 |
| g4        | src4      | BUFG/O          | None       | BUFGCTRL_X0Y3  | n/a          |                 1 |           8 |               0 |        2.694 | clk_5xPIXEL_clk_wiz_1 | PLL_1/inst/clkout2_buf/O                                                    | PLL_1/inst/clk_5xPIXEL                                                     |
| g5        | src5      | BUFG/O          | None       | BUFGCTRL_X0Y31 | n/a          |                 1 |           1 |               0 |       20.000 | clkfbout_clk_wiz_0    | PLL_0/inst/clkf_buf/O                                                       | PLL_0/inst/clkfbout_buf_clk_wiz_0                                          |
| g6        | src6      | BUFG/O          | None       | BUFGCTRL_X0Y29 | n/a          |                 1 |           1 |               0 |       10.000 | clk_100MHZ_clk_wiz_0  | PLL_1/inst/clkin1_bufg/O                                                    | PLL_1/inst/clk_100_IN_clk_wiz_1                                            |
| g7        | src7      | BUFG/O          | None       | BUFGCTRL_X0Y1  | n/a          |                 1 |           1 |               0 |       50.000 | clkfbout_clk_wiz_1    | PLL_1/inst/clkf_buf/O                                                       | PLL_1/inst/clkfbout_buf_clk_wiz_1                                          |
| g8        | src8      | BUFH/O          | None       | BUFHCE_X1Y19   | X1Y1         |                 1 |           1 |               0 |       10.000 | pll_clk3_out          | u_mig_7series_0/u_mig_7series_0_mig/u_ddr3_infrastructure/u_bufh_pll_clk3/O | u_mig_7series_0/u_mig_7series_0_mig/u_ddr3_infrastructure/pll_clk3         |
+-----------+-----------+-----------------+------------+----------------+--------------+-------------------+-------------+-----------------+--------------+-----------------------+-----------------------------------------------------------------------------+----------------------------------------------------------------------------+
* Clock Loads column represents cell count of net connects that connect to a clock pin. Internal cell leaf pins are not considered
** Non-Clock Loads column represents cell count of non-clock pin loads


3. Global Clock Source Details
------------------------------

+-----------+-----------+---------------------+-----------------+-----------------+--------------+-------------+-----------------+---------------------+-----------------------+------------------------------------------------------------------------------------+------------------------------------------------------------------------+
| Source Id | Global Id | Driver Type/Pin     | Constraint      | Site            | Clock Region | Clock Loads | Non-Clock Loads | Source Clock Period | Source Clock          | Driver Pin                                                                         | Net                                                                    |
+-----------+-----------+---------------------+-----------------+-----------------+--------------+-------------+-----------------+---------------------+-----------------------+------------------------------------------------------------------------------------+------------------------------------------------------------------------+
| src0      | g0        | MMCME2_ADV/CLKFBOUT | MMCME2_ADV_X1Y1 | MMCME2_ADV_X1Y1 | X1Y1         |           1 |               0 |              10.000 | clk_pll_i             | u_mig_7series_0/u_mig_7series_0_mig/u_ddr3_infrastructure/gen_mmcm.mmcm_i/CLKFBOUT | u_mig_7series_0/u_mig_7series_0_mig/u_ddr3_infrastructure/clk_pll_i    |
| src1      | g1        | MMCME2_ADV/CLKOUT0  | None            | MMCME2_ADV_X0Y0 | X0Y0         |           1 |               0 |              13.468 | clk_PIXEL_clk_wiz_1   | PLL_1/inst/mmcm_adv_inst/CLKOUT0                                                   | PLL_1/inst/clk_PIXEL_clk_wiz_1                                         |
| src2      | g2        | MMCME2_ADV/CLKOUT0  | None            | MMCME2_ADV_X1Y2 | X1Y2         |           1 |               0 |              20.000 | clk_50MHZ_clk_wiz_0   | PLL_0/inst/mmcm_adv_inst/CLKOUT0                                                   | PLL_0/inst/clk_50MHZ_clk_wiz_0                                         |
| src3      | g3        | MMCME2_ADV/CLKOUT2  | None            | MMCME2_ADV_X1Y2 | X1Y2         |           2 |               0 |               5.000 | clk_200MHZ            | PLL_0/inst/mmcm_adv_inst/CLKOUT2                                                   | PLL_0/inst/clk_200MHZ                                                  |
| src4      | g4        | MMCME2_ADV/CLKOUT1  | None            | MMCME2_ADV_X0Y0 | X0Y0         |           1 |               0 |               2.694 | clk_5xPIXEL_clk_wiz_1 | PLL_1/inst/mmcm_adv_inst/CLKOUT1                                                   | PLL_1/inst/clk_5xPIXEL_clk_wiz_1                                       |
| src5      | g5        | MMCME2_ADV/CLKFBOUT | None            | MMCME2_ADV_X1Y2 | X1Y2         |           1 |               0 |              20.000 | clkfbout_clk_wiz_0    | PLL_0/inst/mmcm_adv_inst/CLKFBOUT                                                  | PLL_0/inst/clkfbout_clk_wiz_0                                          |
| src6      | g6        | MMCME2_ADV/CLKOUT1  | None            | MMCME2_ADV_X1Y2 | X1Y2         |           1 |               0 |              10.000 | clk_100MHZ_clk_wiz_0  | PLL_0/inst/mmcm_adv_inst/CLKOUT1                                                   | PLL_0/inst/clk_100MHZ_clk_wiz_0                                        |
| src7      | g7        | MMCME2_ADV/CLKFBOUT | None            | MMCME2_ADV_X0Y0 | X0Y0         |           1 |               0 |              50.000 | clkfbout_clk_wiz_1    | PLL_1/inst/mmcm_adv_inst/CLKFBOUT                                                  | PLL_1/inst/clkfbout_clk_wiz_1                                          |
| src8      | g8        | PLLE2_ADV/CLKOUT3   | PLLE2_ADV_X1Y1  | PLLE2_ADV_X1Y1  | X1Y1         |           1 |               0 |              10.000 | pll_clk3_out          | u_mig_7series_0/u_mig_7series_0_mig/u_ddr3_infrastructure/plle2_i/CLKOUT3          | u_mig_7series_0/u_mig_7series_0_mig/u_ddr3_infrastructure/pll_clk3_out |
+-----------+-----------+---------------------+-----------------+-----------------+--------------+-------------+-----------------+---------------------+-----------------------+------------------------------------------------------------------------------------+------------------------------------------------------------------------+
* Clock Loads column represents cell count of net connects that connect to a clock pin. Internal cell leaf pins are not considered
** Non-Clock Loads column represents cell count of non-clock pin loads


4. Local Clock Details
----------------------

+----------+----------------------------+----------------------+-------------------------------------+--------------+-------------+-----------------+--------------+---------------+----------------------------------------------------------------------------------------------------------------------------------------------------------------------------------------------------------+-------------------------------------------------------------------------------------------------------------------------------------------------------------------------------------------------------+
| Local Id | Driver Type/Pin            | Constraint           | Site/BEL                            | Clock Region | Clock Loads | Non-Clock Loads | Clock Period | Clock         | Driver Pin                                                                                                                                                                                               | Net                                                                                                                                                                                                   |
+----------+----------------------------+----------------------+-------------------------------------+--------------+-------------+-----------------+--------------+---------------+----------------------------------------------------------------------------------------------------------------------------------------------------------------------------------------------------------+-------------------------------------------------------------------------------------------------------------------------------------------------------------------------------------------------------+
| 0        | PLLE2_ADV/CLKOUT0          | PLLE2_ADV_X1Y1       | PLLE2_ADV_X1Y1/PLLE2_ADV            | X1Y1         |           8 |               2 |        1.250 | freq_refclk   | u_mig_7series_0/u_mig_7series_0_mig/u_ddr3_infrastructure/plle2_i/CLKOUT0                                                                                                                                | u_mig_7series_0/u_mig_7series_0_mig/u_ddr3_infrastructure/freq_refclk                                                                                                                                 |
| 1        | PLLE2_ADV/CLKOUT1          | PLLE2_ADV_X1Y1       | PLLE2_ADV_X1Y1/PLLE2_ADV            | X1Y1         |           2 |               8 |        2.500 | mem_refclk    | u_mig_7series_0/u_mig_7series_0_mig/u_ddr3_infrastructure/plle2_i/CLKOUT1                                                                                                                                | u_mig_7series_0/u_mig_7series_0_mig/u_ddr3_infrastructure/mem_refclk                                                                                                                                  |
| 2        | PHASER_OUT_PHY/OCLKDELAYED | PHASER_OUT_PHY_X1Y9  | PHASER_OUT_PHY_X1Y9/PHASER_OUT_PHY  | X1Y2         |           2 |               0 |        2.500 | oserdes_clk   | u_mig_7series_0/u_mig_7series_0_mig/u_memc_ui_top_axi/mem_intfc0/ddr_phy_top0/u_ddr_mc_phy_wrapper/u_ddr_mc_phy/ddr_phy_4lanes_0.u_ddr_phy_4lanes/ddr_byte_lane_B.ddr_byte_lane_B/phaser_out/OCLKDELAYED | u_mig_7series_0/u_mig_7series_0_mig/u_memc_ui_top_axi/mem_intfc0/ddr_phy_top0/u_ddr_mc_phy_wrapper/u_ddr_mc_phy/ddr_phy_4lanes_0.u_ddr_phy_4lanes/ddr_byte_lane_B.ddr_byte_lane_B/oserdes_clk_delayed |
| 3        | PHASER_OUT_PHY/OCLKDELAYED | PHASER_OUT_PHY_X1Y11 | PHASER_OUT_PHY_X1Y11/PHASER_OUT_PHY | X1Y2         |           2 |               0 |        2.500 | oserdes_clk_1 | u_mig_7series_0/u_mig_7series_0_mig/u_memc_ui_top_axi/mem_intfc0/ddr_phy_top0/u_ddr_mc_phy_wrapper/u_ddr_mc_phy/ddr_phy_4lanes_0.u_ddr_phy_4lanes/ddr_byte_lane_D.ddr_byte_lane_D/phaser_out/OCLKDELAYED | u_mig_7series_0/u_mig_7series_0_mig/u_memc_ui_top_axi/mem_intfc0/ddr_phy_top0/u_ddr_mc_phy_wrapper/u_ddr_mc_phy/ddr_phy_4lanes_0.u_ddr_phy_4lanes/ddr_byte_lane_D.ddr_byte_lane_D/oserdes_clk_delayed |
| 4        | MMCME2_ADV/CLKOUT2         | None                 | MMCME2_ADV_X1Y2/MMCME2_ADV          | X1Y2         |           1 |               1 |        5.000 | clk_200MHZ    | PLL_0/inst/mmcm_adv_inst/CLKOUT2                                                                                                                                                                         | PLL_0/inst/clk_200MHZ                                                                                                                                                                                 |
+----------+----------------------------+----------------------+-------------------------------------+--------------+-------------+-----------------+--------------+---------------+----------------------------------------------------------------------------------------------------------------------------------------------------------------------------------------------------------+-------------------------------------------------------------------------------------------------------------------------------------------------------------------------------------------------------+
* Local Clocks in this context represents only clocks driven by non-global buffers
** Clock Loads column represents cell count of net connects that connect to a clock pin. Internal cell leaf pins are not considered
*** Non-Clock Loads column represents cell count of non-clock pin loads


5. Clock Regions: Key Resource Utilization
------------------------------------------

+-------------------+--------------+--------------+--------------+--------------+--------------+--------------+--------------+--------------+--------------+--------------+--------------+--------------+--------------+--------------+--------------+
|                   | Global Clock |     BUFRs    |    BUFMRs    |    BUFIOs    |     MMCM     |      PLL     |      GT      |      PCI     |    ILOGIC    |    OLOGIC    |      FF      |     LUTM     |    RAMB18    |    RAMB36    |    DSP48E2   |
+-------------------+------+-------+------+-------+------+-------+------+-------+------+-------+------+-------+------+-------+------+-------+------+-------+------+-------+------+-------+------+-------+------+-------+------+-------+------+-------+
| Clock Region Name | Used | Avail | Used | Avail | Used | Avail | Used | Avail | Used | Avail | Used | Avail | Used | Avail | Used | Avail | Used | Avail | Used | Avail | Used | Avail | Used | Avail | Used | Avail | Used | Avail | Used | Avail |
+-------------------+------+-------+------+-------+------+-------+------+-------+------+-------+------+-------+------+-------+------+-------+------+-------+------+-------+------+-------+------+-------+------+-------+------+-------+------+-------+
| X0Y0              |    2 |    12 |    0 |     4 |    0 |     2 |    0 |     4 |    1 |     1 |    0 |     1 |    0 |     0 |    0 |     0 |    0 |    50 |    0 |    50 |    0 |  2600 |    0 |   600 |    0 |    20 |    0 |    10 |    0 |    20 |
| X1Y0              |    0 |    12 |    0 |     0 |    0 |     0 |    0 |     0 |    0 |     0 |    0 |     0 |    0 |     4 |    0 |     0 |    0 |     0 |    0 |     0 |    0 |  1500 |    0 |   550 |    0 |    40 |    0 |    20 |    0 |    40 |
| X0Y1              |    0 |    12 |    0 |     4 |    0 |     2 |    0 |     4 |    0 |     1 |    0 |     1 |    0 |     0 |    0 |     0 |    0 |    50 |    0 |    50 |    0 |  2000 |    0 |   600 |    0 |    20 |    0 |    10 |    0 |    20 |
| X1Y1              |    2 |    12 |    0 |     4 |    0 |     2 |    0 |     4 |    1 |     1 |    1 |     1 |    0 |     0 |    0 |     0 |    0 |    50 |    0 |    50 |  592 |  1900 |  199 |   650 |    0 |    60 |    0 |    30 |    0 |    40 |
| X0Y2              |    3 |    12 |    0 |     4 |    0 |     2 |    0 |     4 |    0 |     1 |    0 |     1 |    0 |     0 |    0 |     0 |    0 |    50 |    0 |    50 |  511 |  2000 |  164 |   600 |    0 |    20 |    0 |    10 |    0 |    20 |
| X1Y2              |    5 |    12 |    0 |     4 |    0 |     2 |    0 |     4 |    1 |     1 |    0 |     1 |    0 |     0 |    0 |     0 |    0 |    50 |    4 |    50 | 4095 |  1900 | 1413 |   650 |    0 |    60 |    4 |    30 |    0 |    40 |
| X0Y3              |    2 |    12 |    0 |     4 |    0 |     2 |    0 |     4 |    0 |     1 |    0 |     1 |    0 |     0 |    0 |     0 |    0 |    50 |    8 |    50 |  121 |  2600 |   54 |   600 |    0 |    20 |    0 |    10 |    0 |    20 |
| X1Y3              |    1 |    12 |    0 |     0 |    0 |     0 |    0 |     0 |    0 |     0 |    0 |     0 |    0 |     4 |    0 |     1 |    0 |     0 |    0 |     0 |   50 |  1350 |   22 |   500 |    0 |    30 |    0 |    15 |    0 |    40 |
+-------------------+------+-------+------+-------+------+-------+------+-------+------+-------+------+-------+------+-------+------+-------+------+-------+------+-------+------+-------+------+-------+------+-------+------+-------+------+-------+
* Global Clock column represents track count; while other columns represents cell counts


6. Clock Regions : Global Clock Summary
---------------------------------------

All Modules
+----+----+----+
|    | X0 | X1 |
+----+----+----+
| Y3 |  2 |  1 |
| Y2 |  3 |  5 |
| Y1 |  0 |  2 |
| Y0 |  2 |  0 |
+----+----+----+


7. Device Cell Placement Summary for Global Clock g0
----------------------------------------------------

+-----------+-----------------+-------------------+-----------+-------------+---------------+-------------+----------+----------------+----------+----------------------------------------------------------------------------+
| Global Id | Driver Type/Pin | Driver Region (D) | Clock     | Period (ns) | Waveform (ns) | Slice Loads | IO Loads | Clocking Loads | GT Loads | Net                                                                        |
+-----------+-----------------+-------------------+-----------+-------------+---------------+-------------+----------+----------------+----------+----------------------------------------------------------------------------+
| g0        | BUFG/O          | n/a               | clk_pll_i |      10.000 | {0.000 5.000} |        5053 |        0 |              1 |        0 | u_mig_7series_0/u_mig_7series_0_mig/u_ddr3_infrastructure/u_bufg_clkdiv0_0 |
+-----------+-----------------+-------------------+-----------+-------------+---------------+-------------+----------+----------------+----------+----------------------------------------------------------------------------+
* Slice Loads column represents load cell count of all cell types other than IO, GT and clock resources
** IO Loads column represents load cell count of IO types
*** Clocking Loads column represents load cell count that are clock resources (global clock buffer, MMCM, PLL, etc)
**** GT Loads column represents load cell count of GT types


+----+------+-------+-----------------------+
|    | X0   | X1    | HORIZONTAL PROG DELAY |
+----+------+-------+-----------------------+
| Y3 |    0 |    50 |                     0 |
| Y2 |  446 |  3954 |                     0 |
| Y1 |    0 |   604 |                     0 |
| Y0 |    0 |     0 |                     - |
+----+------+-------+-----------------------+


8. Device Cell Placement Summary for Global Clock g1
----------------------------------------------------

+-----------+-----------------+-------------------+---------------------+-------------+---------------+-------------+----------+----------------+----------+----------------------+
| Global Id | Driver Type/Pin | Driver Region (D) | Clock               | Period (ns) | Waveform (ns) | Slice Loads | IO Loads | Clocking Loads | GT Loads | Net                  |
+-----------+-----------------+-------------------+---------------------+-------------+---------------+-------------+----------+----------------+----------+----------------------+
| g1        | BUFG/O          | n/a               | clk_PIXEL_clk_wiz_1 |      13.468 | {0.000 6.734} |         228 |        8 |              0 |        0 | PLL_1/inst/clk_PIXEL |
+-----------+-----------------+-------------------+---------------------+-------------+---------------+-------------+----------+----------------+----------+----------------------+
* Slice Loads column represents load cell count of all cell types other than IO, GT and clock resources
** IO Loads column represents load cell count of IO types
*** Clocking Loads column represents load cell count that are clock resources (global clock buffer, MMCM, PLL, etc)
**** GT Loads column represents load cell count of GT types


+----+------+-----+-----------------------+
|    | X0   | X1  | HORIZONTAL PROG DELAY |
+----+------+-----+-----------------------+
| Y3 |  129 |   0 |                     0 |
| Y2 |   22 |  85 |                     0 |
| Y1 |    0 |   0 |                     - |
| Y0 |    0 |   0 |                     - |
+----+------+-----+-----------------------+


9. Device Cell Placement Summary for Global Clock g2
----------------------------------------------------

+-----------+-----------------+-------------------+---------------------+-------------+----------------+-------------+----------+----------------+----------+----------------------+
| Global Id | Driver Type/Pin | Driver Region (D) | Clock               | Period (ns) | Waveform (ns)  | Slice Loads | IO Loads | Clocking Loads | GT Loads | Net                  |
+-----------+-----------------+-------------------+---------------------+-------------+----------------+-------------+----------+----------------+----------+----------------------+
| g2        | BUFG/O          | n/a               | clk_50MHZ_clk_wiz_0 |      20.000 | {0.000 10.000} |         223 |        0 |              0 |        0 | PLL_0/inst/clk_50MHZ |
+-----------+-----------------+-------------------+---------------------+-------------+----------------+-------------+----------+----------------+----------+----------------------+
* Slice Loads column represents load cell count of all cell types other than IO, GT and clock resources
** IO Loads column represents load cell count of IO types
*** Clocking Loads column represents load cell count that are clock resources (global clock buffer, MMCM, PLL, etc)
**** GT Loads column represents load cell count of GT types


+----+----+------+-----------------------+
|    | X0 | X1   | HORIZONTAL PROG DELAY |
+----+----+------+-----------------------+
| Y3 |  0 |    0 |                     - |
| Y2 |  0 |  223 |                     0 |
| Y1 |  0 |    0 |                     - |
| Y0 |  0 |    0 |                     - |
+----+----+------+-----------------------+


10. Device Cell Placement Summary for Global Clock g3
-----------------------------------------------------

+-----------+-----------------+-------------------+------------+-------------+---------------+-------------+----------+----------------+----------+----------------------------+
| Global Id | Driver Type/Pin | Driver Region (D) | Clock      | Period (ns) | Waveform (ns) | Slice Loads | IO Loads | Clocking Loads | GT Loads | Net                        |
+-----------+-----------------+-------------------+------------+-------------+---------------+-------------+----------+----------------+----------+----------------------------+
| g3        | BUFG/O          | n/a               | clk_200MHZ |       5.000 | {0.000 2.500} |          62 |        0 |              0 |        0 | PLL_0/inst/clk_200MHZ_BUFG |
+-----------+-----------------+-------------------+------------+-------------+---------------+-------------+----------+----------------+----------+----------------------------+
* Slice Loads column represents load cell count of all cell types other than IO, GT and clock resources
** IO Loads column represents load cell count of IO types
*** Clocking Loads column represents load cell count that are clock resources (global clock buffer, MMCM, PLL, etc)
**** GT Loads column represents load cell count of GT types


+----+-----+-----+-----------------------+
|    | X0  | X1  | HORIZONTAL PROG DELAY |
+----+-----+-----+-----------------------+
| Y3 |   0 |   0 |                     - |
| Y2 |  46 |  16 |                     0 |
| Y1 |   0 |   0 |                     - |
| Y0 |   0 |   0 |                     - |
+----+-----+-----+-----------------------+


11. Device Cell Placement Summary for Global Clock g4
-----------------------------------------------------

+-----------+-----------------+-------------------+-----------------------+-------------+---------------+-------------+----------+----------------+----------+------------------------+
| Global Id | Driver Type/Pin | Driver Region (D) | Clock                 | Period (ns) | Waveform (ns) | Slice Loads | IO Loads | Clocking Loads | GT Loads | Net                    |
+-----------+-----------------+-------------------+-----------------------+-------------+---------------+-------------+----------+----------------+----------+------------------------+
| g4        | BUFG/O          | n/a               | clk_5xPIXEL_clk_wiz_1 |       2.694 | {0.000 1.347} |           0 |        8 |              0 |        0 | PLL_1/inst/clk_5xPIXEL |
+-----------+-----------------+-------------------+-----------------------+-------------+---------------+-------------+----------+----------------+----------+------------------------+
* Slice Loads column represents load cell count of all cell types other than IO, GT and clock resources
** IO Loads column represents load cell count of IO types
*** Clocking Loads column represents load cell count that are clock resources (global clock buffer, MMCM, PLL, etc)
**** GT Loads column represents load cell count of GT types


+----+----+----+-----------------------+
|    | X0 | X1 | HORIZONTAL PROG DELAY |
+----+----+----+-----------------------+
| Y3 |  8 |  0 |                     0 |
| Y2 |  0 |  0 |                     - |
| Y1 |  0 |  0 |                     - |
| Y0 |  0 |  0 |                     - |
+----+----+----+-----------------------+


12. Device Cell Placement Summary for Global Clock g5
-----------------------------------------------------

+-----------+-----------------+-------------------+--------------------+-------------+----------------+-------------+----------+----------------+----------+-----------------------------------+
| Global Id | Driver Type/Pin | Driver Region (D) | Clock              | Period (ns) | Waveform (ns)  | Slice Loads | IO Loads | Clocking Loads | GT Loads | Net                               |
+-----------+-----------------+-------------------+--------------------+-------------+----------------+-------------+----------+----------------+----------+-----------------------------------+
| g5        | BUFG/O          | n/a               | clkfbout_clk_wiz_0 |      20.000 | {0.000 10.000} |           0 |        0 |              1 |        0 | PLL_0/inst/clkfbout_buf_clk_wiz_0 |
+-----------+-----------------+-------------------+--------------------+-------------+----------------+-------------+----------+----------------+----------+-----------------------------------+
* Slice Loads column represents load cell count of all cell types other than IO, GT and clock resources
** IO Loads column represents load cell count of IO types
*** Clocking Loads column represents load cell count that are clock resources (global clock buffer, MMCM, PLL, etc)
**** GT Loads column represents load cell count of GT types


+----+----+----+-----------------------+
|    | X0 | X1 | HORIZONTAL PROG DELAY |
+----+----+----+-----------------------+
| Y3 |  0 |  0 |                     - |
| Y2 |  0 |  1 |                     0 |
| Y1 |  0 |  0 |                     - |
| Y0 |  0 |  0 |                     - |
+----+----+----+-----------------------+


13. Device Cell Placement Summary for Global Clock g6
-----------------------------------------------------

+-----------+-----------------+-------------------+----------------------+-------------+---------------+-------------+----------+----------------+----------+---------------------------------+
| Global Id | Driver Type/Pin | Driver Region (D) | Clock                | Period (ns) | Waveform (ns) | Slice Loads | IO Loads | Clocking Loads | GT Loads | Net                             |
+-----------+-----------------+-------------------+----------------------+-------------+---------------+-------------+----------+----------------+----------+---------------------------------+
| g6        | BUFG/O          | n/a               | clk_100MHZ_clk_wiz_0 |      10.000 | {0.000 5.000} |           0 |        0 |              1 |        0 | PLL_1/inst/clk_100_IN_clk_wiz_1 |
+-----------+-----------------+-------------------+----------------------+-------------+---------------+-------------+----------+----------------+----------+---------------------------------+
* Slice Loads column represents load cell count of all cell types other than IO, GT and clock resources
** IO Loads column represents load cell count of IO types
*** Clocking Loads column represents load cell count that are clock resources (global clock buffer, MMCM, PLL, etc)
**** GT Loads column represents load cell count of GT types


+----+----+----+-----------------------+
|    | X0 | X1 | HORIZONTAL PROG DELAY |
+----+----+----+-----------------------+
| Y3 |  0 |  0 |                     - |
| Y2 |  0 |  0 |                     - |
| Y1 |  0 |  0 |                     - |
| Y0 |  1 |  0 |                     0 |
+----+----+----+-----------------------+


14. Device Cell Placement Summary for Global Clock g7
-----------------------------------------------------

+-----------+-----------------+-------------------+--------------------+-------------+----------------+-------------+----------+----------------+----------+-----------------------------------+
| Global Id | Driver Type/Pin | Driver Region (D) | Clock              | Period (ns) | Waveform (ns)  | Slice Loads | IO Loads | Clocking Loads | GT Loads | Net                               |
+-----------+-----------------+-------------------+--------------------+-------------+----------------+-------------+----------+----------------+----------+-----------------------------------+
| g7        | BUFG/O          | n/a               | clkfbout_clk_wiz_1 |      50.000 | {0.000 25.000} |           0 |        0 |              1 |        0 | PLL_1/inst/clkfbout_buf_clk_wiz_1 |
+-----------+-----------------+-------------------+--------------------+-------------+----------------+-------------+----------+----------------+----------+-----------------------------------+
* Slice Loads column represents load cell count of all cell types other than IO, GT and clock resources
** IO Loads column represents load cell count of IO types
*** Clocking Loads column represents load cell count that are clock resources (global clock buffer, MMCM, PLL, etc)
**** GT Loads column represents load cell count of GT types


+----+----+----+-----------------------+
|    | X0 | X1 | HORIZONTAL PROG DELAY |
+----+----+----+-----------------------+
| Y3 |  0 |  0 |                     - |
| Y2 |  0 |  0 |                     - |
| Y1 |  0 |  0 |                     - |
| Y0 |  1 |  0 |                     0 |
+----+----+----+-----------------------+


15. Device Cell Placement Summary for Global Clock g8
-----------------------------------------------------

+-----------+-----------------+-------------------+--------------+-------------+---------------+-------------+----------+----------------+----------+--------------------------------------------------------------------+
| Global Id | Driver Type/Pin | Driver Region (D) | Clock        | Period (ns) | Waveform (ns) | Slice Loads | IO Loads | Clocking Loads | GT Loads | Net                                                                |
+-----------+-----------------+-------------------+--------------+-------------+---------------+-------------+----------+----------------+----------+--------------------------------------------------------------------+
| g8        | BUFH/O          | X1Y1              | pll_clk3_out |      10.000 | {0.000 5.000} |           0 |        0 |              1 |        0 | u_mig_7series_0/u_mig_7series_0_mig/u_ddr3_infrastructure/pll_clk3 |
+-----------+-----------------+-------------------+--------------+-------------+---------------+-------------+----------+----------------+----------+--------------------------------------------------------------------+
* Slice Loads column represents load cell count of all cell types other than IO, GT and clock resources
** IO Loads column represents load cell count of IO types
*** Clocking Loads column represents load cell count that are clock resources (global clock buffer, MMCM, PLL, etc)
**** GT Loads column represents load cell count of GT types


+----+----+--------+-----------------------+
|    | X0 | X1     | HORIZONTAL PROG DELAY |
+----+----+--------+-----------------------+
| Y3 |  0 |      0 |                     - |
| Y2 |  0 |      0 |                     - |
| Y1 |  0 |  (D) 1 |                     0 |
| Y0 |  0 |      0 |                     - |
+----+----+--------+-----------------------+


16. Clock Region Cell Placement per Global Clock: Region X0Y0
-------------------------------------------------------------

+-----------+-------+-----------------+------------+-------------+-----------------+----+-------------+------+-----+----+------+-----+---------+-----------------------------------+
| Global Id | Track | Driver Type/Pin | Constraint | Clock Loads | Non-Clock Loads | FF | Memory LUTs | RAMB | DSP | GT | MMCM | PLL | Hard IP | Net                               |
+-----------+-------+-----------------+------------+-------------+-----------------+----+-------------+------+-----+----+------+-----+---------+-----------------------------------+
| g6        | n/a   | BUFG/O          | None       |           1 |               0 |  0 |           0 |    0 |   0 |  0 |    1 |   0 |       0 | PLL_1/inst/clk_100_IN_clk_wiz_1   |
| g7        | n/a   | BUFG/O          | None       |           1 |               0 |  0 |           0 |    0 |   0 |  0 |    1 |   0 |       0 | PLL_1/inst/clkfbout_buf_clk_wiz_1 |
+-----------+-------+-----------------+------------+-------------+-----------------+----+-------------+------+-----+----+------+-----+---------+-----------------------------------+
* Clock Loads column represents cell count of net connects that connect to a clock pin. Internal cell leaf pins are not considered
** Non-Clock Loads column represents cell count of non-clock pin loads
*** Columns FF, LUTRAM, RAMB through 'Hard IP' represents load cell counts


17. Clock Region Cell Placement per Global Clock: Region X1Y1
-------------------------------------------------------------

+-----------+-------+-----------------+------------+-------------+-----------------+-----+-------------+------+-----+----+------+-----+---------+----------------------------------------------------------------------------+
| Global Id | Track | Driver Type/Pin | Constraint | Clock Loads | Non-Clock Loads | FF  | Memory LUTs | RAMB | DSP | GT | MMCM | PLL | Hard IP | Net                                                                        |
+-----------+-------+-----------------+------------+-------------+-----------------+-----+-------------+------+-----+----+------+-----+---------+----------------------------------------------------------------------------+
| g0        | n/a   | BUFG/O          | None       |         604 |               0 | 592 |           2 |    0 |   0 |  0 |    1 |   0 |       0 | u_mig_7series_0/u_mig_7series_0_mig/u_ddr3_infrastructure/u_bufg_clkdiv0_0 |
| g8        | n/a   | BUFH/O          | None       |           1 |               0 |   0 |           0 |    0 |   0 |  0 |    1 |   0 |       0 | u_mig_7series_0/u_mig_7series_0_mig/u_ddr3_infrastructure/pll_clk3         |
+-----------+-------+-----------------+------------+-------------+-----------------+-----+-------------+------+-----+----+------+-----+---------+----------------------------------------------------------------------------+
* Clock Loads column represents cell count of net connects that connect to a clock pin. Internal cell leaf pins are not considered
** Non-Clock Loads column represents cell count of non-clock pin loads
*** Columns FF, LUTRAM, RAMB through 'Hard IP' represents load cell counts


18. Clock Region Cell Placement per Global Clock: Region X0Y2
-------------------------------------------------------------

+-----------+-------+-----------------+------------+-------------+-----------------+-----+-------------+------+-----+----+------+-----+---------+----------------------------------------------------------------------------+
| Global Id | Track | Driver Type/Pin | Constraint | Clock Loads | Non-Clock Loads | FF  | Memory LUTs | RAMB | DSP | GT | MMCM | PLL | Hard IP | Net                                                                        |
+-----------+-------+-----------------+------------+-------------+-----------------+-----+-------------+------+-----+----+------+-----+---------+----------------------------------------------------------------------------+
| g0        | n/a   | BUFG/O          | None       |         446 |               0 | 444 |           2 |    0 |   0 |  0 |    0 |   0 |       0 | u_mig_7series_0/u_mig_7series_0_mig/u_ddr3_infrastructure/u_bufg_clkdiv0_0 |
| g1        | n/a   | BUFG/O          | None       |          22 |               0 |  22 |           0 |    0 |   0 |  0 |    0 |   0 |       0 | PLL_1/inst/clk_PIXEL                                                       |
| g3        | n/a   | BUFG/O          | None       |          46 |               0 |  45 |           0 |    0 |   0 |  0 |    0 |   0 |       0 | PLL_0/inst/clk_200MHZ_BUFG                                                 |
+-----------+-------+-----------------+------------+-------------+-----------------+-----+-------------+------+-----+----+------+-----+---------+----------------------------------------------------------------------------+
* Clock Loads column represents cell count of net connects that connect to a clock pin. Internal cell leaf pins are not considered
** Non-Clock Loads column represents cell count of non-clock pin loads
*** Columns FF, LUTRAM, RAMB through 'Hard IP' represents load cell counts


19. Clock Region Cell Placement per Global Clock: Region X1Y2
-------------------------------------------------------------

+-----------+-------+-----------------+------------+-------------+-----------------+------+-------------+------+-----+----+------+-----+---------+----------------------------------------------------------------------------+
| Global Id | Track | Driver Type/Pin | Constraint | Clock Loads | Non-Clock Loads | FF   | Memory LUTs | RAMB | DSP | GT | MMCM | PLL | Hard IP | Net                                                                        |
+-----------+-------+-----------------+------------+-------------+-----------------+------+-------------+------+-----+----+------+-----+---------+----------------------------------------------------------------------------+
| g0        | n/a   | BUFG/O          | None       |        3954 |               0 | 3779 |         146 |    4 |   0 |  0 |    0 |   0 |       0 | u_mig_7series_0/u_mig_7series_0_mig/u_ddr3_infrastructure/u_bufg_clkdiv0_0 |
| g1        | n/a   | BUFG/O          | None       |          85 |               0 |   82 |           1 |    2 |   0 |  0 |    0 |   0 |       0 | PLL_1/inst/clk_PIXEL                                                       |
| g2        | n/a   | BUFG/O          | None       |         223 |               0 |  219 |           2 |    2 |   0 |  0 |    0 |   0 |       0 | PLL_0/inst/clk_50MHZ                                                       |
| g3        | n/a   | BUFG/O          | None       |          16 |               0 |   15 |           0 |    0 |   0 |  0 |    0 |   0 |       0 | PLL_0/inst/clk_200MHZ_BUFG                                                 |
| g5        | n/a   | BUFG/O          | None       |           1 |               0 |    0 |           0 |    0 |   0 |  0 |    1 |   0 |       0 | PLL_0/inst/clkfbout_buf_clk_wiz_0                                          |
+-----------+-------+-----------------+------------+-------------+-----------------+------+-------------+------+-----+----+------+-----+---------+----------------------------------------------------------------------------+
* Clock Loads column represents cell count of net connects that connect to a clock pin. Internal cell leaf pins are not considered
** Non-Clock Loads column represents cell count of non-clock pin loads
*** Columns FF, LUTRAM, RAMB through 'Hard IP' represents load cell counts


20. Clock Region Cell Placement per Global Clock: Region X0Y3
-------------------------------------------------------------

+-----------+-------+-----------------+------------+-------------+-----------------+-----+-------------+------+-----+----+------+-----+---------+------------------------+
| Global Id | Track | Driver Type/Pin | Constraint | Clock Loads | Non-Clock Loads | FF  | Memory LUTs | RAMB | DSP | GT | MMCM | PLL | Hard IP | Net                    |
+-----------+-------+-----------------+------------+-------------+-----------------+-----+-------------+------+-----+----+------+-----+---------+------------------------+
| g1        | n/a   | BUFG/O          | None       |         129 |               0 | 121 |           0 |    0 |   0 |  0 |    0 |   0 |       0 | PLL_1/inst/clk_PIXEL   |
| g4        | n/a   | BUFG/O          | None       |           8 |               0 |   0 |           0 |    0 |   0 |  0 |    0 |   0 |       0 | PLL_1/inst/clk_5xPIXEL |
+-----------+-------+-----------------+------------+-------------+-----------------+-----+-------------+------+-----+----+------+-----+---------+------------------------+
* Clock Loads column represents cell count of net connects that connect to a clock pin. Internal cell leaf pins are not considered
** Non-Clock Loads column represents cell count of non-clock pin loads
*** Columns FF, LUTRAM, RAMB through 'Hard IP' represents load cell counts


21. Clock Region Cell Placement per Global Clock: Region X1Y3
-------------------------------------------------------------

+-----------+-------+-----------------+------------+-------------+-----------------+----+-------------+------+-----+----+------+-----+---------+----------------------------------------------------------------------------+
| Global Id | Track | Driver Type/Pin | Constraint | Clock Loads | Non-Clock Loads | FF | Memory LUTs | RAMB | DSP | GT | MMCM | PLL | Hard IP | Net                                                                        |
+-----------+-------+-----------------+------------+-------------+-----------------+----+-------------+------+-----+----+------+-----+---------+----------------------------------------------------------------------------+
| g0        | n/a   | BUFG/O          | None       |          50 |               0 | 50 |           0 |    0 |   0 |  0 |    0 |   0 |       0 | u_mig_7series_0/u_mig_7series_0_mig/u_ddr3_infrastructure/u_bufg_clkdiv0_0 |
+-----------+-------+-----------------+------------+-------------+-----------------+----+-------------+------+-----+----+------+-----+---------+----------------------------------------------------------------------------+
* Clock Loads column represents cell count of net connects that connect to a clock pin. Internal cell leaf pins are not considered
** Non-Clock Loads column represents cell count of non-clock pin loads
*** Columns FF, LUTRAM, RAMB through 'Hard IP' represents load cell counts



# Location of BUFG Primitives 
set_property LOC BUFGCTRL_X0Y0 [get_cells u_mig_7series_0/u_mig_7series_0_mig/u_ddr3_infrastructure/u_bufg_clkdiv0]
set_property LOC BUFGCTRL_X0Y1 [get_cells PLL_1/inst/clkf_buf]
set_property LOC BUFGCTRL_X0Y2 [get_cells PLL_1/inst/clkout1_buf]
set_property LOC BUFGCTRL_X0Y3 [get_cells PLL_1/inst/clkout2_buf]
set_property LOC BUFGCTRL_X0Y29 [get_cells PLL_1/inst/clkin1_bufg]
set_property LOC BUFGCTRL_X0Y31 [get_cells PLL_0/inst/clkf_buf]
set_property LOC BUFGCTRL_X0Y30 [get_cells PLL_0/inst/clkout1_buf]
set_property LOC BUFGCTRL_X0Y28 [get_cells PLL_0/inst/clk_200MHZ_BUFG_inst]

# Location of BUFH Primitives 
set_property LOC BUFHCE_X1Y19 [get_cells u_mig_7series_0/u_mig_7series_0_mig/u_ddr3_infrastructure/u_bufh_pll_clk3]

# Location of IO Primitives which is load of clock spine

# Location of clock ports
set_property LOC IOB_X0Y76 [get_ports Sys_clk_50mhz]

# Clock net "u_mig_7series_0/u_mig_7series_0_mig/u_ddr3_infrastructure/u_bufg_clkdiv0_0" driven by instance "u_mig_7series_0/u_mig_7series_0_mig/u_ddr3_infrastructure/u_bufg_clkdiv0" located at site "BUFGCTRL_X0Y0"
#startgroup
create_pblock {CLKAG_u_mig_7series_0/u_mig_7series_0_mig/u_ddr3_infrastructure/u_bufg_clkdiv0_0}
add_cells_to_pblock [get_pblocks  {CLKAG_u_mig_7series_0/u_mig_7series_0_mig/u_ddr3_infrastructure/u_bufg_clkdiv0_0}] [get_cells -filter { PRIMITIVE_GROUP != I/O && IS_PRIMITIVE==1 && PRIMITIVE_LEVEL !=INTERNAL && NAME!=u_mig_7series_0/u_mig_7series_0_mig/u_ddr3_infrastructure/gen_mmcm.mmcm_i} -of_object [get_pins -filter {DIRECTION==IN} -of_objects [get_nets -hierarchical -filter {PARENT=="u_mig_7series_0/u_mig_7series_0_mig/u_ddr3_infrastructure/u_bufg_clkdiv0_0"}]]]
resize_pblock [get_pblocks {CLKAG_u_mig_7series_0/u_mig_7series_0_mig/u_ddr3_infrastructure/u_bufg_clkdiv0_0}] -add {CLOCKREGION_X0Y2:CLOCKREGION_X0Y2 CLOCKREGION_X1Y1:CLOCKREGION_X1Y1 CLOCKREGION_X1Y2:CLOCKREGION_X1Y2 CLOCKREGION_X1Y3:CLOCKREGION_X1Y3}
#endgroup

# Clock net "PLL_1/inst/clk_PIXEL" driven by instance "PLL_1/inst/clkout1_buf" located at site "BUFGCTRL_X0Y2"
#startgroup
create_pblock {CLKAG_PLL_1/inst/clk_PIXEL}
add_cells_to_pblock [get_pblocks  {CLKAG_PLL_1/inst/clk_PIXEL}] [get_cells -filter { PRIMITIVE_GROUP != I/O && IS_PRIMITIVE==1 && PRIMITIVE_LEVEL !=INTERNAL } -of_object [get_pins -filter {DIRECTION==IN} -of_objects [get_nets -hierarchical -filter {PARENT=="PLL_1/inst/clk_PIXEL"}]]]
resize_pblock [get_pblocks {CLKAG_PLL_1/inst/clk_PIXEL}] -add {CLOCKREGION_X0Y2:CLOCKREGION_X0Y2 CLOCKREGION_X0Y3:CLOCKREGION_X0Y3 CLOCKREGION_X1Y2:CLOCKREGION_X1Y2}
#endgroup

# Clock net "PLL_1/inst/clk_5xPIXEL" driven by instance "PLL_1/inst/clkout2_buf" located at site "BUFGCTRL_X0Y3"
#startgroup
create_pblock {CLKAG_PLL_1/inst/clk_5xPIXEL}
add_cells_to_pblock [get_pblocks  {CLKAG_PLL_1/inst/clk_5xPIXEL}] [get_cells -filter { PRIMITIVE_GROUP != I/O && IS_PRIMITIVE==1 && PRIMITIVE_LEVEL !=INTERNAL } -of_object [get_pins -filter {DIRECTION==IN} -of_objects [get_nets -hierarchical -filter {PARENT=="PLL_1/inst/clk_5xPIXEL"}]]]
resize_pblock [get_pblocks {CLKAG_PLL_1/inst/clk_5xPIXEL}] -add {CLOCKREGION_X0Y3:CLOCKREGION_X0Y3}
#endgroup

# Clock net "PLL_0/inst/clk_50MHZ" driven by instance "PLL_0/inst/clkout1_buf" located at site "BUFGCTRL_X0Y30"
#startgroup
create_pblock {CLKAG_PLL_0/inst/clk_50MHZ}
add_cells_to_pblock [get_pblocks  {CLKAG_PLL_0/inst/clk_50MHZ}] [get_cells -filter { PRIMITIVE_GROUP != I/O && IS_PRIMITIVE==1 && PRIMITIVE_LEVEL !=INTERNAL } -of_object [get_pins -filter {DIRECTION==IN} -of_objects [get_nets -hierarchical -filter {PARENT=="PLL_0/inst/clk_50MHZ"}]]]
resize_pblock [get_pblocks {CLKAG_PLL_0/inst/clk_50MHZ}] -add {CLOCKREGION_X1Y2:CLOCKREGION_X1Y2}
#endgroup

# Clock net "PLL_0/inst/clk_200MHZ_BUFG" driven by instance "PLL_0/inst/clk_200MHZ_BUFG_inst" located at site "BUFGCTRL_X0Y28"
#startgroup
create_pblock {CLKAG_PLL_0/inst/clk_200MHZ_BUFG}
add_cells_to_pblock [get_pblocks  {CLKAG_PLL_0/inst/clk_200MHZ_BUFG}] [get_cells -filter { PRIMITIVE_GROUP != I/O && IS_PRIMITIVE==1 && PRIMITIVE_LEVEL !=INTERNAL } -of_object [get_pins -filter {DIRECTION==IN} -of_objects [get_nets -hierarchical -filter {PARENT=="PLL_0/inst/clk_200MHZ_BUFG"}]]]
resize_pblock [get_pblocks {CLKAG_PLL_0/inst/clk_200MHZ_BUFG}] -add {CLOCKREGION_X0Y2:CLOCKREGION_X0Y2 CLOCKREGION_X1Y2:CLOCKREGION_X1Y2}
#endgroup
